<?xml version="1.0" encoding="UTF-8"?>
<testsuite xmlns:xsi="http://www.w3.org/2001/XMLSchema-instance" xsi:noNamespaceSchemaLocation="https://maven.apache.org/surefire/maven-surefire-plugin/xsd/surefire-test-report.xsd" name="com.ljh.middleware.test.ApiTest" time="0.03" tests="3" errors="0" skipped="0" failures="0">
  <properties>
[...]
</properties>
  <testcase name="test_db_hash" classname="com.ljh.middleware.test.ApiTest" time="0.001"/>
  <testcase name="test_str_format" classname="com.ljh.middleware.test.ApiTest" time="0"/>
  <testcase name="test_annotation" classname="com.ljh.middleware.test.ApiTest" time="0.001"/>
</testsuite>